#
# There is insufficient memory for the Java Runtime Environment to continue.
# Native memory allocation (malloc) failed to allocate 262160 bytes for Chunk::new
# Possible reasons:
#   The system is out of physical RAM or swap space
#   In 32 bit mode, the process size limit was hit
# Possible solutions:
#   Reduce memory load on the system
#   Increase physical memory or swap space
#   Check if swap backing store is full
#   Use 64 bit Java on a 64 bit OS
#   Decrease Java heap size (-Xmx/-Xms)
#   Decrease number of Java threads
#   Decrease Java thread stack sizes (-Xss)
#   Set larger code cache with -XX:ReservedCodeCacheSize=
# This output file may be truncated or incomplete.
#
#  Out of Memory Error (allocation.cpp:390), pid=9524, tid=7564
#
# JRE version: Java(TM) SE Runtime Environment (8.0_40-b26) (build 1.8.0_40-b26)
# Java VM: Java HotSpot(TM) 64-Bit Server VM (25.40-b25 mixed mode windows-amd64 compressed oops)
# Failed to write core dump. Minidumps are not enabled by default on client versions of Windows
#

---------------  T H R E A D  ---------------

Current thread (0x000000001560a000):  JavaThread "C2 CompilerThread0" daemon [_thread_in_native, id=7564, stack(0x0000000016b50000,0x0000000016c50000)]

Stack: [0x0000000016b50000,0x0000000016c50000]
Native frames: (J=compiled Java code, j=interpreted, Vv=VM code, C=native code)
V  [jvm.dll+0x32b47a]


Current CompileTask:
C2:   2931 1503       4       com.android.dx.ssa.SCCP::simulateBranch (666 bytes)


---------------  P R O C E S S  ---------------

Java Threads: ( => current thread )
  0x0000000016e52800 JavaThread "Service Thread" daemon [_thread_blocked, id=14116, stack(0x0000000017250000,0x0000000017350000)]
  0x000000001565a000 JavaThread "C1 CompilerThread2" daemon [_thread_in_native, id=9252, stack(0x0000000016d50000,0x0000000016e50000)]
  0x0000000015657800 JavaThread "C2 CompilerThread1" daemon [_thread_in_native, id=9536, stack(0x0000000016c50000,0x0000000016d50000)]
=>0x000000001560a000 JavaThread "C2 CompilerThread0" daemon [_thread_in_native, id=7564, stack(0x0000000016b50000,0x0000000016c50000)]
  0x0000000015608000 JavaThread "Attach Listener" daemon [_thread_blocked, id=7968, stack(0x0000000016a50000,0x0000000016b50000)]
  0x0000000015606800 JavaThread "Signal Dispatcher" daemon [_thread_blocked, id=14556, stack(0x0000000016950000,0x0000000016a50000)]
  0x0000000002b81000 JavaThread "Finalizer" daemon [_thread_blocked, id=18052, stack(0x0000000016850000,0x0000000016950000)]
  0x0000000002b7e000 JavaThread "Reference Handler" daemon [_thread_blocked, id=2168, stack(0x0000000016750000,0x0000000016850000)]
  0x0000000002a92800 JavaThread "main" [_thread_in_Java, id=9708, stack(0x0000000002980000,0x0000000002a80000)]

Other Threads:
  0x00000000155c8000 VMThread [stack: 0x0000000016650000,0x0000000016750000] [id=8896]
  0x0000000016e54000 WatcherThread [stack: 0x0000000017350000,0x0000000017450000] [id=5944]

VM state:not at safepoint (normal execution)

VM Mutex/Monitor currently owned by a thread: None

Heap:
 PSYoungGen      total 37888K, used 31268K [0x00000000eab00000, 0x00000000ed500000, 0x0000000100000000)
  eden space 32768K, 79% used [0x00000000eab00000,0x00000000ec48c5b8,0x00000000ecb00000)
  from space 5120K, 99% used [0x00000000ed000000,0x00000000ed4fcc60,0x00000000ed500000)
  to   space 5120K, 0% used [0x00000000ecb00000,0x00000000ecb00000,0x00000000ed000000)
 ParOldGen       total 86016K, used 15684K [0x00000000c0000000, 0x00000000c5400000, 0x00000000eab00000)
  object space 86016K, 18% used [0x00000000c0000000,0x00000000c0f51130,0x00000000c5400000)
 Metaspace       used 5902K, capacity 7088K, committed 7296K, reserved 1056768K
  class space    used 557K, capacity 616K, committed 640K, reserved 1048576K

Card table byte_map: [0x00000000122f0000,0x0000000012500000] byte_map_base: 0x0000000011cf0000

Marking Bits: (ParMarkBitMap*) 0x00000000632f4040
 Begin Bits: [0x0000000012a60000, 0x0000000013a60000)
 End Bits:   [0x0000000013a60000, 0x0000000014a60000)

Polling page: 0x00000000028c0000

CodeCache: size=245760Kb used=6748Kb max_used=6748Kb free=239011Kb
 bounds [0x0000000002f30000, 0x00000000035d0000, 0x0000000011f30000]
 total_blobs=1941 nmethods=1676 adapters=178
 compilation: enabled

Compilation events (10 events):
Event: 2.840 Thread 0x000000001565a000 1708       2       com.android.dx.cf.code.ExecutionStack::clear (40 bytes)
Event: 2.840 Thread 0x000000001565a000 nmethod 1708 0x00000000035c9890 code [0x00000000035c9a20, 0x00000000035c9d08]
Event: 2.840 Thread 0x000000001565a000 1709       2       com.android.dx.cf.code.Ropper$CatchInfo::getSetup (53 bytes)
Event: 2.841 Thread 0x000000001565a000 nmethod 1709 0x00000000035c9f50 code [0x00000000035ca0e0, 0x00000000035ca448]
Event: 2.850 Thread 0x000000001565a000 1710   !   2       com.android.dx.rop.cst.CstType::intern (48 bytes)
Event: 2.851 Thread 0x000000001565a000 nmethod 1710 0x00000000035ca690 code [0x00000000035ca840, 0x00000000035cad48]
Event: 2.852 Thread 0x000000001565a000 1711       2       com.android.dx.ssa.back.IdenticalBlockCombiner::replaceSucc (83 bytes)
Event: 2.853 Thread 0x000000001565a000 nmethod 1711 0x00000000035cb290 code [0x00000000035cb440, 0x00000000035cb798]
Event: 2.884 Thread 0x000000001565a000 1713       2       com.android.dx.ssa.back.FirstFitLocalCombiningAllocator::rangeContainsReserved (30 bytes)
Event: 2.884 Thread 0x000000001565a000 nmethod 1713 0x00000000035cba90 code [0x00000000035cbc00, 0x00000000035cbe28]

GC Heap History (8 events):
Event: 1.850 GC heap before
{Heap before GC invocations=1 (full 0):
 PSYoungGen      total 37888K, used 32768K [0x00000000eab00000, 0x00000000ed500000, 0x0000000100000000)
  eden space 32768K, 100% used [0x00000000eab00000,0x00000000ecb00000,0x00000000ecb00000)
  from space 5120K, 0% used [0x00000000ed000000,0x00000000ed000000,0x00000000ed500000)
  to   space 5120K, 0% used [0x00000000ecb00000,0x00000000ecb00000,0x00000000ed000000)
 ParOldGen       total 86016K, used 0K [0x00000000c0000000, 0x00000000c5400000, 0x00000000eab00000)
  object space 86016K, 0% used [0x00000000c0000000,0x00000000c0000000,0x00000000c5400000)
 Metaspace       used 5751K, capacity 6960K, committed 7040K, reserved 1056768K
  class space    used 554K, capacity 616K, committed 640K, reserved 1048576K
Event: 1.861 GC heap after
Heap after GC invocations=1 (full 0):
 PSYoungGen      total 37888K, used 5095K [0x00000000eab00000, 0x00000000ed500000, 0x0000000100000000)
  eden space 32768K, 0% used [0x00000000eab00000,0x00000000eab00000,0x00000000ecb00000)
  from space 5120K, 99% used [0x00000000ecb00000,0x00000000ecff9c98,0x00000000ed000000)
  to   space 5120K, 0% used [0x00000000ed000000,0x00000000ed000000,0x00000000ed500000)
 ParOldGen       total 86016K, used 1875K [0x00000000c0000000, 0x00000000c5400000, 0x00000000eab00000)
  object space 86016K, 2% used [0x00000000c0000000,0x00000000c01d4d88,0x00000000c5400000)
 Metaspace       used 5751K, capacity 6960K, committed 7040K, reserved 1056768K
  class space    used 554K, capacity 616K, committed 640K, reserved 1048576K
}
Event: 2.143 GC heap before
{Heap before GC invocations=2 (full 0):
 PSYoungGen      total 37888K, used 37863K [0x00000000eab00000, 0x00000000ed500000, 0x0000000100000000)
  eden space 32768K, 100% used [0x00000000eab00000,0x00000000ecb00000,0x00000000ecb00000)
  from space 5120K, 99% used [0x00000000ecb00000,0x00000000ecff9c98,0x00000000ed000000)
  to   space 5120K, 0% used [0x00000000ed000000,0x00000000ed000000,0x00000000ed500000)
 ParOldGen       total 86016K, used 1875K [0x00000000c0000000, 0x00000000c5400000, 0x00000000eab00000)
  object space 86016K, 2% used [0x00000000c0000000,0x00000000c01d4d88,0x00000000c5400000)
 Metaspace       used 5838K, capacity 7024K, committed 7296K, reserved 1056768K
  class space    used 556K, capacity 616K, committed 640K, reserved 1048576K
Event: 2.159 GC heap after
Heap after GC invocations=2 (full 0):
 PSYoungGen      total 37888K, used 5106K [0x00000000eab00000, 0x00000000ed500000, 0x0000000100000000)
  eden space 32768K, 0% used [0x00000000eab00000,0x00000000eab00000,0x00000000ecb00000)
  from space 5120K, 99% used [0x00000000ed000000,0x00000000ed4fc998,0x00000000ed500000)
  to   space 5120K, 0% used [0x00000000ecb00000,0x00000000ecb00000,0x00000000ed000000)
 ParOldGen       total 86016K, used 5461K [0x00000000c0000000, 0x00000000c5400000, 0x00000000eab00000)
  object space 86016K, 6% used [0x00000000c0000000,0x00000000c0555620,0x00000000c5400000)
 Metaspace       used 5838K, capacity 7024K, committed 7296K, reserved 1056768K
  class space    used 556K, capacity 616K, committed 640K, reserved 1048576K
}
Event: 2.451 GC heap before
{Heap before GC invocations=3 (full 0):
 PSYoungGen      total 37888K, used 37874K [0x00000000eab00000, 0x00000000ed500000, 0x0000000100000000)
  eden space 32768K, 100% used [0x00000000eab00000,0x00000000ecb00000,0x00000000ecb00000)
  from space 5120K, 99% used [0x00000000ed000000,0x00000000ed4fc998,0x00000000ed500000)
  to   space 5120K, 0% used [0x00000000ecb00000,0x00000000ecb00000,0x00000000ed000000)
 ParOldGen       total 86016K, used 5461K [0x00000000c0000000, 0x00000000c5400000, 0x00000000eab00000)
  object space 86016K, 6% used [0x00000000c0000000,0x00000000c0555620,0x00000000c5400000)
 Metaspace       used 5869K, capacity 7088K, committed 7296K, reserved 1056768K
  class space    used 556K, capacity 616K, committed 640K, reserved 1048576K
Event: 2.479 GC heap after
Heap after GC invocations=3 (full 0):
 PSYoungGen      total 37888K, used 5091K [0x00000000eab00000, 0x00000000ed500000, 0x0000000100000000)
  eden space 32768K, 0% used [0x00000000eab00000,0x00000000eab00000,0x00000000ecb00000)
  from space 5120K, 99% used [0x00000000ecb00000,0x00000000ecff8c50,0x00000000ed000000)
  to   space 5120K, 0% used [0x00000000ed000000,0x00000000ed000000,0x00000000ed500000)
 ParOldGen       total 86016K, used 10340K [0x00000000c0000000, 0x00000000c5400000, 0x00000000eab00000)
  object space 86016K, 12% used [0x00000000c0000000,0x00000000c0a192e0,0x00000000c5400000)
 Metaspace       used 5869K, capacity 7088K, committed 7296K, reserved 1056768K
  class space    used 556K, capacity 616K, committed 640K, reserved 1048576K
}
Event: 2.708 GC heap before
{Heap before GC invocations=4 (full 0):
 PSYoungGen      total 37888K, used 37859K [0x00000000eab00000, 0x00000000ed500000, 0x0000000100000000)
  eden space 32768K, 100% used [0x00000000eab00000,0x00000000ecb00000,0x00000000ecb00000)
  from space 5120K, 99% used [0x00000000ecb00000,0x00000000ecff8c50,0x00000000ed000000)
  to   space 5120K, 0% used [0x00000000ed000000,0x00000000ed000000,0x00000000ed500000)
 ParOldGen       total 86016K, used 10340K [0x00000000c0000000, 0x00000000c5400000, 0x00000000eab00000)
  object space 86016K, 12% used [0x00000000c0000000,0x00000000c0a192e0,0x00000000c5400000)
 Metaspace       used 5892K, capacity 7088K, committed 7296K, reserved 1056768K
  class space    used 556K, capacity 616K, committed 640K, reserved 1048576K
Event: 2.731 GC heap after
Heap after GC invocations=4 (full 0):
 PSYoungGen      total 37888K, used 5107K [0x00000000eab00000, 0x00000000ed500000, 0x0000000100000000)
  eden space 32768K, 0% used [0x00000000eab00000,0x00000000eab00000,0x00000000ecb00000)
  from space 5120K, 99% used [0x00000000ed000000,0x00000000ed4fcc60,0x00000000ed500000)
  to   space 5120K, 0% used [0x00000000ecb00000,0x00000000ecb00000,0x00000000ed000000)
 ParOldGen       total 86016K, used 15684K [0x00000000c0000000, 0x00000000c5400000, 0x00000000eab00000)
  object space 86016K, 18% used [0x00000000c0000000,0x00000000c0f51130,0x00000000c5400000)
 Metaspace       used 5892K, capacity 7088K, committed 7296K, reserved 1056768K
  class space    used 556K, capacity 616K, committed 640K, reserved 1048576K
}

Deoptimization events (10 events):
Event: 2.099 Thread 0x0000000002a92800 Uncommon trap: reason=unstable_if action=reinterpret pc=0x00000000032d79a8 method=com.android.dx.rop.code.LocalItem.hashCode()I @ 25
Event: 2.099 Thread 0x0000000002a92800 Uncommon trap: reason=unstable_if action=reinterpret pc=0x000000000325abd8 method=com.android.dx.rop.code.LocalItem.hashCode()I @ 25
Event: 2.120 Thread 0x0000000002a92800 Uncommon trap: reason=bimorphic action=maybe_recompile pc=0x0000000003502a9c method=com.android.dx.cf.code.BytecodeArray.parseInstruction(ILcom/android/dx/cf/code/BytecodeArray$Visitor;)I @ 1287
Event: 2.120 Thread 0x0000000002a92800 Uncommon trap: reason=bimorphic action=maybe_recompile pc=0x0000000003502a9c method=com.android.dx.cf.code.BytecodeArray.parseInstruction(ILcom/android/dx/cf/code/BytecodeArray$Visitor;)I @ 1287
Event: 2.738 Thread 0x0000000002a92800 Uncommon trap: reason=unstable_if action=reinterpret pc=0x00000000033a3ddc method=com.android.dx.ssa.SsaMethod.updateOneDefinition(Lcom/android/dx/ssa/SsaInsn;Lcom/android/dx/rop/code/RegisterSpec;)V @ 4
Event: 2.757 Thread 0x0000000002a92800 Uncommon trap: reason=class_check action=maybe_recompile pc=0x000000000346e0c4 method=java.util.HashMap.putVal(ILjava/lang/Object;Ljava/lang/Object;ZZ)Ljava/lang/Object; @ 203
Event: 2.765 Thread 0x0000000002a92800 Uncommon trap: reason=bimorphic action=maybe_recompile pc=0x00000000035a9990 method=com.android.dx.rop.code.RegisterSpec.withSimpleType()Lcom/android/dx/rop/code/RegisterSpec; @ 21
Event: 2.765 Thread 0x0000000002a92800 Uncommon trap: reason=bimorphic action=maybe_recompile pc=0x00000000035a9990 method=com.android.dx.rop.code.RegisterSpec.withSimpleType()Lcom/android/dx/rop/code/RegisterSpec; @ 21
Event: 2.767 Thread 0x0000000002a92800 Uncommon trap: reason=bimorphic action=maybe_recompile pc=0x00000000035a9990 method=com.android.dx.rop.code.RegisterSpec.withSimpleType()Lcom/android/dx/rop/code/RegisterSpec; @ 21
Event: 2.767 Thread 0x0000000002a92800 Uncommon trap: reason=bimorphic action=maybe_recompile pc=0x00000000035a9990 method=com.android.dx.rop.code.RegisterSpec.withSimpleType()Lcom/android/dx/rop/code/RegisterSpec; @ 21

Internal exceptions (3 events):
Event: 0.100 Thread 0x0000000002a92800 Exception <a 'java/lang/NoSuchMethodError': Method sun.misc.Unsafe.defineClass(Ljava/lang/String;[BII)Ljava/lang/Class; name or signature does not match> (0x00000000eab0d7f0) thrown at [D:\re\workspace\8-2-build-windows-amd64-cygwin\jdk8u40\3098\hotspot\srH±­4·¬¹?
Event: 0.100 Thread 0x0000000002a92800 Exception <a 'java/lang/NoSuchMethodError': Method sun.misc.Unsafe.prefetchRead(Ljava/lang/Object;J)V name or signature does not match> (0x00000000eab0da80) thrown at [D:\re\workspace\8-2-build-windows-amd64-cygwin\jdk8u40\3098\hotspot\src\share\vm\prims\jž Ê~¤
Event: 2.004 Thread 0x0000000002a92800 Implicit null exception at 0x00000000032c0862 to 0x00000000032c0952

Events (10 events):
Event: 2.765 Thread 0x0000000002a92800 DEOPT UNPACKING pc=0x0000000002f7582a sp=0x0000000002a7e818 mode 2
Event: 2.765 Thread 0x0000000002a92800 Uncommon trap: trap_request=0xffffffc6 fr.pc=0x00000000035a9990
Event: 2.765 Thread 0x0000000002a92800 DEOPT PACKING pc=0x00000000035a9990 sp=0x0000000002a7e8b0
Event: 2.765 Thread 0x0000000002a92800 DEOPT UNPACKING pc=0x0000000002f7582a sp=0x0000000002a7e818 mode 2
Event: 2.767 Thread 0x0000000002a92800 Uncommon trap: trap_request=0xffffffc6 fr.pc=0x00000000035a9990
Event: 2.767 Thread 0x0000000002a92800 DEOPT PACKING pc=0x00000000035a9990 sp=0x0000000002a7e800
Event: 2.767 Thread 0x0000000002a92800 DEOPT UNPACKING pc=0x0000000002f7582a sp=0x0000000002a7e768 mode 2
Event: 2.767 Thread 0x0000000002a92800 Uncommon trap: trap_request=0xffffffc6 fr.pc=0x00000000035a9990
Event: 2.767 Thread 0x0000000002a92800 DEOPT PACKING pc=0x00000000035a9990 sp=0x0000000002a7e800
Event: 2.767 Thread 0x0000000002a92800 DEOPT UNPACKING pc=0x0000000002f7582a sp=0x0000000002a7e768 mode 2


Dynamic libraries:
0x000007f6dea50000 - 0x000007f6dea87000 	C:\Program Files\Java\jdk1.8.0_40\bin\java.exe
0x000007fbdd050000 - 0x000007fbdd20e000 	C:\Windows\SYSTEM32\ntdll.dll
0x000007fbdb9c0000 - 0x000007fbdbaf6000 	C:\Windows\system32\KERNEL32.DLL
0x000007fbda390000 - 0x000007fbda483000 	C:\Windows\system32\KERNELBASE.dll
0x000007fbdcf70000 - 0x000007fbdd04e000 	C:\Windows\system32\ADVAPI32.dll
0x000007fbda4c0000 - 0x000007fbda60c000 	C:\Windows\system32\USER32.dll
0x000007fbd7cb0000 - 0x000007fbd7f19000 	C:\Windows\WinSxS\amd64_microsoft.windows.common-controls_6595b64144ccf1df_6.0.9200.16384_none_418c2a697189c07f\COMCTL32.dll
0x000007fbdcb60000 - 0x000007fbdcc05000 	C:\Windows\system32\msvcrt.dll
0x000007fbda680000 - 0x000007fbda6c8000 	C:\Windows\SYSTEM32\sechost.dll
0x000007fbdbcb0000 - 0x000007fbdbdf0000 	C:\Windows\system32\RPCRT4.dll
0x000007fbdc0a0000 - 0x000007fbdc1e0000 	C:\Windows\system32\GDI32.dll
0x000007fbdbc70000 - 0x000007fbdbca9000 	C:\Windows\system32\IMM32.DLL
0x000007fbdbf80000 - 0x000007fbdc094000 	C:\Windows\system32\MSCTF.dll
0x000007fbd9f30000 - 0x000007fbd9f70000 	C:\Windows\system32\nvinitx.dll
0x00000000626f0000 - 0x00000000627c2000 	C:\Program Files\Java\jdk1.8.0_40\jre\bin\msvcr100.dll
0x0000000062af0000 - 0x0000000063373000 	C:\Program Files\Java\jdk1.8.0_40\jre\bin\server\jvm.dll
0x000007fbd27c0000 - 0x000007fbd27c9000 	C:\Windows\SYSTEM32\WSOCK32.dll
0x000007fbd7230000 - 0x000007fbd7250000 	C:\Windows\SYSTEM32\WINMM.dll
0x000007fbd4650000 - 0x000007fbd4659000 	C:\Windows\SYSTEM32\VERSION.dll
0x000007fbdceb0000 - 0x000007fbdceb7000 	C:\Windows\system32\PSAPI.DLL
0x000007fbdcb00000 - 0x000007fbdcb58000 	C:\Windows\system32\WS2_32.dll
0x000007fbd5f70000 - 0x000007fbd5fa2000 	C:\Windows\SYSTEM32\WINMMBASE.dll
0x000007fbdce00000 - 0x000007fbdce09000 	C:\Windows\system32\NSI.dll
0x0000000064120000 - 0x000000006412f000 	C:\Program Files\Java\jdk1.8.0_40\jre\bin\verify.dll
0x00000000640f0000 - 0x0000000064119000 	C:\Program Files\Java\jdk1.8.0_40\jre\bin\java.dll
0x00000000640d0000 - 0x00000000640e6000 	C:\Program Files\Java\jdk1.8.0_40\jre\bin\zip.dll
0x000007fbda6d0000 - 0x000007fbdb9b8000 	C:\Windows\system32\SHELL32.dll
0x000007fbdc1e0000 - 0x000007fbdc390000 	C:\Windows\SYSTEM32\combase.dll
0x000007fbdbed0000 - 0x000007fbdbf20000 	C:\Windows\system32\SHLWAPI.dll
0x000007fbd9060000 - 0x000007fbd90f6000 	C:\Windows\SYSTEM32\SHCORE.dll
0x000007fbd9f80000 - 0x000007fbd9f95000 	C:\Windows\SYSTEM32\profapi.dll

VM Arguments:
jvm_args: -Xmx1024M -Dfile.encoding=windows-1252 -Duser.country=NZ -Duser.language=en -Duser.variant 
java_command: com.android.dx.command.Main --dex --output C:\Users\Jasmine\AndroidStudioProjects\CobraNest\app\build\intermediates\pre-dexed\debug\classes-8dba8c172208ad02d5dfcc00cf6c5933207ee41c.jar C:\Users\Jasmine\AndroidStudioProjects\CobraNest\app\build\intermediates\exploded-aar\com.android.support\support-v4\22.0.0\classes.jar
java_class_path (initial): C:\Users\Jasmine\AppData\Local\Android\sdk\build-tools\21.1.2\lib\dx.jar
Launcher Type: SUN_STANDARD

Environment Variables:
PATH=C:\ProgramData\Oracle\Java\javapath;C:\Program Files\Broadcom\Broadcom 802.11 Network Adapter;C:\Program Files (x86)\Intel\iCLS Client\;C:\Program Files\Intel\iCLS Client\;C:\Program Files (x86)\NVIDIA Corporation\PhysX\Common;C:\Windows\system32;C:\Windows;C:\Windows\System32\Wbem;C:\Windows\System32\WindowsPowerShell\v1.0\;C:\Program Files (x86)\EgisTec MyWinLocker\x64;C:\Program Files (x86)\EgisTec MyWinLocker\;C:\Program Files (x86)\Intel\OpenCL SDK\2.0\bin\x86;C:\Program Files (x86)\Intel\OpenCL SDK\2.0\bin\x64;C:\Program Files\Intel\Intel(R) Management Engine Components\DAL;C:\Program Files\Intel\Intel(R) Management Engine Components\IPT;C:\Program Files (x86)\Intel\Intel(R) Management Engine Components\DAL;C:\Program Files (x86)\Intel\Intel(R) Management Engine Components\IPT;C:\Program Files\WIDCOMM\Bluetooth Software\;C:\Program Files\WIDCOMM\Bluetooth Software\syswow64;C:\Python34;C:\Program Files\Java\jdk1.8.0_40\bin;C:\Program Files (x86)\QuickTime\QTSystem\;C:\Program Files (x86)\Windows Kits\8.1\Windows Performance Toolkit\;C:\Program Files\Microsoft SQL Server\110\Tools\Binn\;C:\Program Files (x86)\Microsoft SDKs\TypeScript\1.0\;C:\Program Files\Microsoft SQL Server\120\Tools\Binn\;C:\Program Files (x86)\Git\cmd
USERNAME=Jasmine
OS=Windows_NT
PROCESSOR_IDENTIFIER=Intel64 Family 6 Model 58 Stepping 9, GenuineIntel



---------------  S Y S T E M  ---------------

OS: Windows 8 , 64 bit Build 9200 (6.2.9200.16384)

CPU:total 4 (2 cores per cpu, 2 threads per core) family 6 model 58 stepping 9, cmov, cx8, fxsr, mmx, sse, sse2, sse3, ssse3, sse4.1, sse4.2, popcnt, avx, clmul, erms, ht, tsc, tscinvbit, tscinv

Memory: 4k page, physical 8179296k(634544k free), swap 33345120k(5104k free)

vm_info: Java HotSpot(TM) 64-Bit Server VM (25.40-b25) for windows-amd64 JRE (1.8.0_40-b26), built on Mar  7 2015 13:51:59 by "java_re" with MS VC++ 10.0 (VS2010)

time: Thu Apr 02 13:55:18 2015
elapsed time: 2 seconds (0d 0h 0m 2s)

